     1 00000000                                 ; hello-os
     2 00000000                                 ; TAB=4
     3 00000000                                 
     4 00000000                                 ; 读取柱面数
     5  = 0000004F                              CYLS    EQU 79
     6 00000000                                 
     7                                          org 0x7c00
     8 00007C00                                 
     9 00007C00                                 ; 以下は標準的なFAT12フォーマットフロッピーディスクのための記述
    10 00007C00 EB 4E 90                        		DB		0xeb, 0x4e, 0x90
    11 00007C03 48 45 4C 4C 4F 49 50 4C         		DB		"HELLOIPL"		; ブートセクタの名前を自由に書いてよい（8バイト）
    12 00007C0B 0200                            		DW		512				; 1セクタの大きさ（512にしなければいけない）
    13 00007C0D 01                              		DB		1				; クラスタの大きさ（1セクタにしなければいけない）
    14 00007C0E 0001                            		DW		1				; FATがどこから始まるか（普通は1セクタ目からにする）
    15 00007C10 02                              		DB		2				; FATの個数（2にしなければいけない）
    16 00007C11 00E0                            		DW		224				; ルートディレクトリ領域の大きさ（普通は224エントリにする）
    17 00007C13 0B40                            		DW		2880			; このドライブの大きさ（2880セクタにしなければいけない）
    18 00007C15 F0                              		DB		0xf0			; メディアのタイプ（0xf0にしなければいけない）
    19 00007C16 0009                            		DW		9				; FAT領域の長さ（9セクタにしなければいけない）
    20 00007C18 0012                            		DW		18				; 1トラックにいくつのセクタがあるか（18にしなければいけない）
    21 00007C1A 0002                            		DW		2				; ヘッドの数（2にしなければいけない）
    22 00007C1C 00000000                        		DD		0				; パーティションを使ってないのでここは必ず0
    23 00007C20 00000B40                        		DD		2880			; このドライブ大きさをもう一度書く
    24 00007C24 00 00 29                        		DB		0,0,0x29		; よくわからないけどこの値にしておくといいらしい
    25 00007C27 FFFFFFFF                        		DD		0xffffffff		; たぶんボリュームシリアル番号
    26 00007C2B 48 45 4C 4C 4F 2D 4F 53 20 20   		DB		"HELLO-OS   "	; ディスクの名前（11バイト）
       00007C35 20 
    27 00007C36 46 41 54 31 32 20 20 20         		DB		"FAT12   "		; フォーマットの名前（8バイト）
    28 00007C3E 00 00 00 00 00 00 00 00 00 00   		RESB	18				; とりあえず18バイトあけておく
       00007C48 00 00 00 00 00 00 00 00 
    29 00007C50                                 
    30 00007C50                                 
    31 00007C50                                 entry: 
    32 00007C50 B8 0000                             mov ax, 0
    33 00007C53 8E D0                               mov ss, ax
    34 00007C55 BC 7C00                             mov sp, 0x7c00
    35 00007C58 8E D8                               mov ds, ax
    36 00007C5A 8E C0                               mov es, ax
    37 00007C5C                                 
    38 00007C5C                                     ; 读取磁盘
    39 00007C5C B8 0820                             mov ax, 0x0820
    40 00007C5F 8E C0                               mov es, ax
    41 00007C61 B5 00                               mov ch, 0
    42 00007C63 B6 00                               mov dh, 0
    43 00007C65 B1 02                               mov cl, 2
    44 00007C67                                 
    45 00007C67                                 readLoop:
    46 00007C67 BE 0000                             mov si, 0
    47 00007C6A                                 
    48 00007C6A                                 retry: 
    49 00007C6A B4 02                               mov ah, 0x02
    50 00007C6C B0 01                               mov al, 1
    51 00007C6E BB 0000                             mov bx, 0
    52 00007C71 B2 00                               mov dl, 0x00
    53 00007C73 CD 13                               int 0x13
    54 00007C75 73 10                               jnc next
    55 00007C77 83 C6 01                            add si, 1
    56 00007C7A 83 FE 05                            cmp si, 5
    57 00007C7D 73 2B                               jae error
    58 00007C7F B4 00                               mov ah, 0x00
    59 00007C81 B2 00                               mov dl, 0x00
    60 00007C83 CD 13                               int 0x13
    61 00007C85 EB E3                               jmp retry
    62 00007C87                                 
    63 00007C87                                 next:
    64 00007C87 8C C0                               mov ax, es
    65 00007C89 05 0020                             add ax, 0x0020
    66 00007C8C 8E C0                               mov es, ax
    67 00007C8E 80 C1 01                            add cl, 1
    68 00007C91 80 F9 12                            cmp cl, 18
    69 00007C94 76 D1                               jbe readLoop
    70 00007C96 B1 01                               mov cl, 1
    71 00007C98 80 C6 01                            add dh, 1
    72 00007C9B 80 FE 02                            cmp dh, 2
    73 00007C9E 72 C7                               jb readLoop
    74 00007CA0 B6 00                               mov dh, 0
    75 00007CA2 80 C5 01                            add ch, 1
    76 00007CA5 80 FD 4F                            cmp ch, CYLS
    77 00007CA8                                 
    78 00007CA8 72 BD                               jb readLoop
    79 00007CAA                                 
    80 00007CAA                                 error: 
    81 00007CAA BE 7CC2                             mov si, errorMsg
    82 00007CAD                                 
    83 00007CAD                                 putloop: 
    84 00007CAD 8A 04                               mov al, [si]
    85 00007CAF 83 C6 01                            add si, 1
    86 00007CB2 3C 00                               cmp al, 0
    87 00007CB4 74 09                               je fin
    88 00007CB6 B4 0E                               mov ah, 0x0e
    89 00007CB8 BB 000F                             mov bx, 15
    90 00007CBB CD 10                               int 0x10
    91 00007CBD EB EE                               jmp putloop
    92 00007CBF                                 
    93 00007CBF                                 fin: 
    94 00007CBF E9 453E                             jmp 0xc200
    95 00007CC2                                 
    96 00007CC2                                 errorMsg:
    97 00007CC2 0A 0A                               DB 0x0a, 0x0a
    98 00007CC4 6C 6F 61 64 20 65 72 72 6F 72       DB "load error."
       00007CCE 2E 
    99 00007CCF 00                                  DB 0
   100 00007CD0                                 
   101 00007CD0 00 00 00 00 00 00 00 00 00 00       RESB 0x7dfe-$
       00007CDA 00 00 00 00 00 00 00 00 00 00 
       00007CE4 00 00 00 00 00 00 00 00 00 00 
       00007CEE 00 00 00 00 00 00 00 00 00 00 
       00007CF8 00 00 00 00 00 00 00 00 00 00 
       00007D02 00 00 00 00 00 00 00 00 00 00 
       00007D0C 00 00 00 00 00 00 00 00 00 00 
       00007D16 00 00 00 00 00 00 00 00 00 00 
       00007D20 00 00 00 00 00 00 00 00 00 00 
       00007D2A 00 00 00 00 00 00 00 00 00 00 
       00007D34 00 00 00 00 00 00 00 00 00 00 
       00007D3E 00 00 00 00 00 00 00 00 00 00 
       00007D48 00 00 00 00 00 00 00 00 00 00 
       00007D52 00 00 00 00 00 00 00 00 00 00 
       00007D5C 00 00 00 00 00 00 00 00 00 00 
       00007D66 00 00 00 00 00 00 00 00 00 00 
       00007D70 00 00 00 00 00 00 00 00 00 00 
       00007D7A 00 00 00 00 00 00 00 00 00 00 
       00007D84 00 00 00 00 00 00 00 00 00 00 
       00007D8E 00 00 00 00 00 00 00 00 00 00 
       00007D98 00 00 00 00 00 00 00 00 00 00 
       00007DA2 00 00 00 00 00 00 00 00 00 00 
       00007DAC 00 00 00 00 00 00 00 00 00 00 
       00007DB6 00 00 00 00 00 00 00 00 00 00 
       00007DC0 00 00 00 00 00 00 00 00 00 00 
       00007DCA 00 00 00 00 00 00 00 00 00 00 
       00007DD4 00 00 00 00 00 00 00 00 00 00 
       00007DDE 00 00 00 00 00 00 00 00 00 00 
       00007DE8 00 00 00 00 00 00 00 00 00 00 
       00007DF2 00 00 00 00 00 00 00 00 00 00 
       00007DFC 00 00 
   102 00007DFE 55 AA                               DB 0x55, 0xaa
