     1 00000000                                 ; naskfun
     2 00000000                                 ; tab = 4
     3 00000000                                 [FORMAT "WCOFF"]
     4 00000000                                 [BITS 32]
     5 00000000                                 
     6 00000000                                 [INSTRSET "i486p"]	
     7 00000000                                 
     8 00000000                                 [FILE "naskfunc.nas"]
     9 00000000                                     GLOBAL _io_hlt,_write_mem8
    10 00000000                                 
    11 00000000                                 
    12                                          [SECTION .text]
    13 00000000                                 _io_hlt: 
    14 00000000 F4                                  hlt
    15 00000001 C3                                  RET
    16 00000002                                 
    17 00000002                                 _write_mem8:
    18 00000002 8B 4C 24 04                         mov ecx, [esp + 4]
    19 00000006 8A 44 24 08                         mov al, [esp+8]
    20 0000000A 88 01                               mov [ecx], al
    21 0000000C C3                                  RET