     1 00000000                                 [FORMAT "WCOFF"]
     2 00000000                                 [INSTRSET "i486p"]
     3 00000000                                 [OPTIMIZE 1]
     4 00000000                                 [OPTION 1]
     5 00000000                                 [BITS 32]
     6 00000000                                 	EXTERN	_io_load_eflags
     7 00000000                                 	EXTERN	_io_cli
     8 00000000                                 	EXTERN	_io_out8
     9 00000000                                 	EXTERN	_io_store_eflags
    10 00000000                                 	EXTERN	_io_hlt
    11 00000000                                 [FILE "bootpack.c"]
    12                                          [SECTION .text]
    13 00000000                                 	ALIGN	2
    14 00000000                                 	GLOBAL	_set_palette
    15 00000000                                 _set_palette:
    16 00000000 55                              	PUSH	EBP
    17 00000001 89 E5                           	MOV	EBP,ESP
    18 00000003 57                              	PUSH	EDI
    19 00000004 56                              	PUSH	ESI
    20 00000005 53                              	PUSH	EBX
    21 00000006 51                              	PUSH	ECX
    22 00000007 8B 5D 08                        	MOV	EBX,DWORD [8+EBP]
    23 0000000A 8B 7D 0C                        	MOV	EDI,DWORD [12+EBP]
    24 0000000D 8B 75 10                        	MOV	ESI,DWORD [16+EBP]
    25 00000010 E8 [00000000]                   	CALL	_io_load_eflags
    26 00000015 89 45 F0                        	MOV	DWORD [-16+EBP],EAX
    27 00000018 E8 [00000000]                   	CALL	_io_cli
    28 0000001D 53                              	PUSH	EBX
    29 0000001E 68 000003C8                     	PUSH	968
    30 00000023 E8 [00000000]                   	CALL	_io_out8
    31 00000028 39 FB                           	CMP	EBX,EDI
    32 0000002A 58                              	POP	EAX
    33 0000002B 5A                              	POP	EDX
    34 0000002C 7E 12                           	JLE	L6
    35 0000002E                                 L8:
    36 0000002E 8B 45 F0                        	MOV	EAX,DWORD [-16+EBP]
    37 00000031 89 45 08                        	MOV	DWORD [8+EBP],EAX
    38 00000034 8D 65 F4                        	LEA	ESP,DWORD [-12+EBP]
    39 00000037 5B                              	POP	EBX
    40 00000038 5E                              	POP	ESI
    41 00000039 5F                              	POP	EDI
    42 0000003A 5D                              	POP	EBP
    43 0000003B E9 [00000000]                   	JMP	_io_store_eflags
    44 00000040                                 L6:
    45 00000040 8A 06                           	MOV	AL,BYTE [ESI]
    46 00000042 43                              	INC	EBX
    47 00000043 C0 E8 02                        	SHR	AL,2
    48 00000046 0F B6 C0                        	MOVZX	EAX,AL
    49 00000049 50                              	PUSH	EAX
    50 0000004A 68 000003C9                     	PUSH	969
    51 0000004F E8 [00000000]                   	CALL	_io_out8
    52 00000054 8A 46 01                        	MOV	AL,BYTE [1+ESI]
    53 00000057 C0 E8 02                        	SHR	AL,2
    54 0000005A 0F B6 C0                        	MOVZX	EAX,AL
    55 0000005D 50                              	PUSH	EAX
    56 0000005E 68 000003C9                     	PUSH	969
    57 00000063 E8 [00000000]                   	CALL	_io_out8
    58 00000068 8A 46 02                        	MOV	AL,BYTE [2+ESI]
    59 0000006B C0 E8 02                        	SHR	AL,2
    60 0000006E 83 C6 03                        	ADD	ESI,3
    61 00000071 0F B6 C0                        	MOVZX	EAX,AL
    62 00000074 50                              	PUSH	EAX
    63 00000075 68 000003C9                     	PUSH	969
    64 0000007A E8 [00000000]                   	CALL	_io_out8
    65 0000007F 83 C4 18                        	ADD	ESP,24
    66 00000082 39 FB                           	CMP	EBX,EDI
    67 00000084 7E BA                           	JLE	L6
    68 00000086 EB A6                           	JMP	L8
    69                                          [SECTION .data]
    70 00000000                                 _table_rgb.0:
    71 00000000 00                              	DB	0
    72 00000001 00                              	DB	0
    73 00000002 00                              	DB	0
    74 00000003 FF                              	DB	-1
    75 00000004 00                              	DB	0
    76 00000005 00                              	DB	0
    77 00000006 00                              	DB	0
    78 00000007 FF                              	DB	-1
    79 00000008 00                              	DB	0
    80 00000009 FF                              	DB	-1
    81 0000000A FF                              	DB	-1
    82 0000000B 00                              	DB	0
    83 0000000C 00                              	DB	0
    84 0000000D 00                              	DB	0
    85 0000000E FF                              	DB	-1
    86 0000000F FF                              	DB	-1
    87 00000010 00                              	DB	0
    88 00000011 FF                              	DB	-1
    89 00000012 00                              	DB	0
    90 00000013 FF                              	DB	-1
    91 00000014 FF                              	DB	-1
    92 00000015 FF                              	DB	-1
    93 00000016 FF                              	DB	-1
    94 00000017 FF                              	DB	-1
    95 00000018 00                              	DB	0
    96 00000019 84                              	DB	-124
    97 0000001A 00                              	DB	0
    98 0000001B 84                              	DB	-124
    99 0000001C 84                              	DB	-124
   100 0000001D 00                              	DB	0
   101 0000001E 00                              	DB	0
   102 0000001F 00                              	DB	0
   103 00000020 84                              	DB	-124
   104 00000021 84                              	DB	-124
   105 00000022 00                              	DB	0
   106 00000023 84                              	DB	-124
   107 00000024 00                              	DB	0
   108 00000025 84                              	DB	-124
   109 00000026 84                              	DB	-124
   110 00000027 84                              	DB	-124
   111 00000028 84                              	DB	-124
   112 00000029 84                              	DB	-124
   113 0000002A B6                              	DB	-74
   114 0000002B A3                              	DB	-93
   115 0000002C BC                              	DB	-68
   116 0000002D E6                              	DB	-26
   117 0000002E E6                              	DB	-26
   118 0000002F FA                              	DB	-6
   119                                          [SECTION .text]
   120 00000088                                 	ALIGN	2
   121 00000088                                 	GLOBAL	_init_palette
   122 00000088                                 _init_palette:
   123 00000088 55                              	PUSH	EBP
   124 00000089 89 E5                           	MOV	EBP,ESP
   125 0000008B 68 [00000000]                   	PUSH	_table_rgb.0
   126 00000090 6A 10                           	PUSH	16
   127 00000092 6A 00                           	PUSH	0
   128 00000094 E8 FFFFFF67                     	CALL	_set_palette
   129 00000099 C9                              	LEAVE
   130 0000009A C3                              	RET
   131 0000009B 90                              	ALIGN	2
   132 0000009C                                 	GLOBAL	_boxfill8
   133 0000009C                                 _boxfill8:
   134 0000009C 55                              	PUSH	EBP
   135 0000009D 89 E5                           	MOV	EBP,ESP
   136 0000009F 57                              	PUSH	EDI
   137 000000A0 56                              	PUSH	ESI
   138 000000A1 8B 55 10                        	MOV	EDX,DWORD [16+EBP]
   139 000000A4 8B 4D 0C                        	MOV	ECX,DWORD [12+EBP]
   140 000000A7 53                              	PUSH	EBX
   141 000000A8 8B 7D 14                        	MOV	EDI,DWORD [20+EBP]
   142 000000AB 8B 75 18                        	MOV	ESI,DWORD [24+EBP]
   143 000000AE 8A 5D 1C                        	MOV	BL,BYTE [28+EBP]
   144 000000B1 39 D1                           	CMP	ECX,EDX
   145 000000B3 7D 25                           	JGE	L22
   146 000000B5 89 C8                           	MOV	EAX,ECX
   147 000000B7 29 CA                           	SUB	EDX,ECX
   148 000000B9 69 C0 00000140                  	IMUL	EAX,EAX,320
   149 000000BF 03 45 08                        	ADD	EAX,DWORD [8+EBP]
   150 000000C2 89 D1                           	MOV	ECX,EDX
   151 000000C4                                 L20:
   152 000000C4 89 FA                           	MOV	EDX,EDI
   153 000000C6 39 F7                           	CMP	EDI,ESI
   154 000000C8 7D 08                           	JGE	L24
   155 000000CA                                 L19:
   156 000000CA 88 1C 02                        	MOV	BYTE [EDX+EAX*1],BL
   157 000000CD 42                              	INC	EDX
   158 000000CE 39 F2                           	CMP	EDX,ESI
   159 000000D0 7C F8                           	JL	L19
   160 000000D2                                 L24:
   161 000000D2 05 00000140                     	ADD	EAX,320
   162 000000D7 49                              	DEC	ECX
   163 000000D8 75 EA                           	JNE	L20
   164 000000DA                                 L22:
   165 000000DA 5B                              	POP	EBX
   166 000000DB 5E                              	POP	ESI
   167 000000DC 5F                              	POP	EDI
   168 000000DD 5D                              	POP	EBP
   169 000000DE C3                              	RET
   170 000000DF 90                              	ALIGN	2
   171 000000E0                                 	GLOBAL	_HariMain
   172 000000E0                                 _HariMain:
   173 000000E0 55                              	PUSH	EBP
   174 000000E1 89 E5                           	MOV	EBP,ESP
   175 000000E3 E8 FFFFFFA0                     	CALL	_init_palette
   176 000000E8 6A 02                           	PUSH	2
   177 000000EA 68 00000096                     	PUSH	150
   178 000000EF 6A 78                           	PUSH	120
   179 000000F1 6A 64                           	PUSH	100
   180 000000F3 6A 32                           	PUSH	50
   181 000000F5 68 000A0000                     	PUSH	655360
   182 000000FA E8 FFFFFF9D                     	CALL	_boxfill8
   183 000000FF 83 C4 18                        	ADD	ESP,24
   184 00000102                                 L26:
   185 00000102 E8 [00000000]                   	CALL	_io_hlt
   186 00000107 EB F9                           	JMP	L26
