     1 00000000                                 ; hello-os
     2 00000000                                 ; TAB=4
     3 00000000                                 
     4                                          org 0x7c00
     5 00007C00                                 
     6 00007C00                                 ; 以下は標準的なFAT12フォーマットフロッピーディスクのための記述
     7 00007C00 EB 4E 90                        		DB		0xeb, 0x4e, 0x90
     8 00007C03 48 45 4C 4C 4F 49 50 4C         		DB		"HELLOIPL"		; ブートセクタの名前を自由に書いてよい（8バイト）
     9 00007C0B 0200                            		DW		512				; 1セクタの大きさ（512にしなければいけない）
    10 00007C0D 01                              		DB		1				; クラスタの大きさ（1セクタにしなければいけない）
    11 00007C0E 0001                            		DW		1				; FATがどこから始まるか（普通は1セクタ目からにする）
    12 00007C10 02                              		DB		2				; FATの個数（2にしなければいけない）
    13 00007C11 00E0                            		DW		224				; ルートディレクトリ領域の大きさ（普通は224エントリにする）
    14 00007C13 0B40                            		DW		2880			; このドライブの大きさ（2880セクタにしなければいけない）
    15 00007C15 F0                              		DB		0xf0			; メディアのタイプ（0xf0にしなければいけない）
    16 00007C16 0009                            		DW		9				; FAT領域の長さ（9セクタにしなければいけない）
    17 00007C18 0012                            		DW		18				; 1トラックにいくつのセクタがあるか（18にしなければいけない）
    18 00007C1A 0002                            		DW		2				; ヘッドの数（2にしなければいけない）
    19 00007C1C 00000000                        		DD		0				; パーティションを使ってないのでここは必ず0
    20 00007C20 00000B40                        		DD		2880			; このドライブ大きさをもう一度書く
    21 00007C24 00 00 29                        		DB		0,0,0x29		; よくわからないけどこの値にしておくといいらしい
    22 00007C27 FFFFFFFF                        		DD		0xffffffff		; たぶんボリュームシリアル番号
    23 00007C2B 48 45 4C 4C 4F 2D 4F 53 20 20   		DB		"HELLO-OS   "	; ディスクの名前（11バイト）
       00007C35 20 
    24 00007C36 46 41 54 31 32 20 20 20         		DB		"FAT12   "		; フォーマットの名前（8バイト）
    25 00007C3E 00 00 00 00 00 00 00 00 00 00   		RESB	18				; とりあえず18バイトあけておく
       00007C48 00 00 00 00 00 00 00 00 
    26 00007C50                                 
    27 00007C50                                 
    28 00007C50                                 entry: 
    29 00007C50 B8 0000                             mov ax, 0
    30 00007C53 8E D0                               mov ss, ax
    31 00007C55 BC 7C00                             mov sp, 0x7c00
    32 00007C58 8E D8                               mov ds, ax
    33 00007C5A 8E C0                               mov es, ax
    34 00007C5C                                 
    35 00007C5C BE 7C86                             mov si, msg
    36 00007C5F                                 putloop:
    37 00007C5F                                     ; si中存储的是msg语句块的地址，将msg语句中的地址中保存的值取出来 存储到al中
    38 00007C5F 8A 04                               mov al, [si]
    39 00007C61                                     ; 每次地址 + 1 也就挪动一个字符
    40 00007C61 83 C6 01                            add si, 1
    41 00007C64                                     ; 当移动到0时表示已经结尾了 当al等于0时 跳转到fin中
    42 00007C64 3C 00                               cmp al, 0
    43 00007C66                                 
    44 00007C66 74 09                               je  fin
    45 00007C68 B4 0E                               mov ah, 0x0e
    46 00007C6A BB 000F                             mov bx, 15
    47 00007C6D CD 10                               int 0x10
    48 00007C6F EB EE                               jmp putloop
    49 00007C71                                 fin:
    50 00007C71 F4                                  hlt
    51 00007C72                                     
    52 00007C72 B8 0820                             mov ax, 0x0820
    53 00007C75 8E C0                               mov es, ax
    54 00007C77 B5 00                               mov ch, 0
    55 00007C79 B6 00                               mov dh, 0
    56 00007C7B B1 02                               mov cl, 2
    57 00007C7D                                 
    58 00007C7D B4 22                               mov ah, 0x22
    59 00007C7F B0 01                               mov al, 1
    60 00007C81                                     mov bx, 0,
    mov dl, 0x00
      >> [ERROR #002] parameter error.
    61 00007C81 CD 13                               int 0x13
    62 00007C83                                 
    63 00007C83 E9 0179                             jmp 0x7dff  
    64 00007C86                                 msg:
    65 00007C86 0A 0A                               DB 0x0a, 0x0a
    66 00007C88 48 65 6C 6C 6F 20 4C 79 72 61       DB "Hello Lyra OS"
       00007C92 20 4F 53 
    67 00007C95 0A                                  DB 0x0a
    68 00007C96 00                                  DB 0
    69 00007C97                                 
    70 00007C97 00 00 00 00 00 00 00 00 00 00       RESB 0x7dfe-$
       00007CA1 00 00 00 00 00 00 00 00 00 00 
       00007CAB 00 00 00 00 00 00 00 00 00 00 
       00007CB5 00 00 00 00 00 00 00 00 00 00 
       00007CBF 00 00 00 00 00 00 00 00 00 00 
       00007CC9 00 00 00 00 00 00 00 00 00 00 
       00007CD3 00 00 00 00 00 00 00 00 00 00 
       00007CDD 00 00 00 00 00 00 00 00 00 00 
       00007CE7 00 00 00 00 00 00 00 00 00 00 
       00007CF1 00 00 00 00 00 00 00 00 00 00 
       00007CFB 00 00 00 00 00 00 00 00 00 00 
       00007D05 00 00 00 00 00 00 00 00 00 00 
       00007D0F 00 00 00 00 00 00 00 00 00 00 
       00007D19 00 00 00 00 00 00 00 00 00 00 
       00007D23 00 00 00 00 00 00 00 00 00 00 
       00007D2D 00 00 00 00 00 00 00 00 00 00 
       00007D37 00 00 00 00 00 00 00 00 00 00 
       00007D41 00 00 00 00 00 00 00 00 00 00 
       00007D4B 00 00 00 00 00 00 00 00 00 00 
       00007D55 00 00 00 00 00 00 00 00 00 00 
       00007D5F 00 00 00 00 00 00 00 00 00 00 
       00007D69 00 00 00 00 00 00 00 00 00 00 
       00007D73 00 00 00 00 00 00 00 00 00 00 
       00007D7D 00 00 00 00 00 00 00 00 00 00 
       00007D87 00 00 00 00 00 00 00 00 00 00 
       00007D91 00 00 00 00 00 00 00 00 00 00 
       00007D9B 00 00 00 00 00 00 00 00 00 00 
       00007DA5 00 00 00 00 00 00 00 00 00 00 
       00007DAF 00 00 00 00 00 00 00 00 00 00 
       00007DB9 00 00 00 00 00 00 00 00 00 00 
       00007DC3 00 00 00 00 00 00 00 00 00 00 
       00007DCD 00 00 00 00 00 00 00 00 00 00 
       00007DD7 00 00 00 00 00 00 00 00 00 00 
       00007DE1 00 00 00 00 00 00 00 00 00 00 
       00007DEB 00 00 00 00 00 00 00 00 00 00 
       00007DF5 00 00 00 00 00 00 00 00 00 
    71 00007DFE 55 AA                               DB 0x55, 0xaa
